   ****** Beginning of mfile2sci() session ******
   File to convert: C:/Documents and Settings/Foobert/Desktop/Geezer_Hydro/HARP/
 Source_Code/gaoutputfcn.m
   Result file path: C:/Documents and Settings/Foobert/Desktop/Geezer_Hydro/HARP
 /HARP2SWKS/SCI_migrate/m2s/
   Recursive mode: OFF
   Only double values used in M-file: YES
   Verbose mode: 3
   Generate formated code: NO
   M-file reading...
   M-file reading: Done
   Syntax modification...
   Syntax modification: Done
   Macro to tree conversion...
   Conversion of M-tree...
   L.43: No simple equivalent, so mtlb_fprintf() is called.
   !! L.63: string output can be different from Matlab num2str output.
   L.79: No simple equivalent, so mtlb_fprintf() is called.
   L.80: No simple equivalent, so mtlb_fprintf() is called.
   L.82: No simple equivalent, so mtlb_fprintf() is called.
   L.83: No simple equivalent, so mtlb_fprintf() is called.
   Conversion of M-tree: Done
   Macro to tree conversion: Done
   Translation may be wrong (see the //!! comments).
   ****** End of mfile2sci() session ******
