   ****** Beginning of mfile2sci() session ******
   File to convert: C:/Documents and Settings/Foobert/Desktop/Geezer_Hydro/HARP/
 Source_Code/polygeom.m
   Result file path: C:/Documents and Settings/Foobert/Desktop/Geezer_Hydro/HARP
 /HARP2SWKS/SCI_migrate/m2s/
   Recursive mode: OFF
   Only double values used in M-file: YES
   Verbose mode: 3
   Generate formated code: NO
   M-file reading...
   M-file reading: Done
   Syntax modification...
   Syntax modification: Done
   Macro to tree conversion...
   Conversion of M-tree...
   !! L.45: Matlab function shiftdim not yet converted, original calling sequenc
 e used.
   !! L.46: Matlab function shiftdim not yet converted, original calling sequenc
 e used.
   ! L.101: real(eig_vec(2,1)) may be replaced by:
   !    --> eig_vec(2,1) if eig_vec(2,1) is real
   ! L.101: real(eig_vec(1,1)) may be replaced by:
   !    --> eig_vec(1,1) if eig_vec(1,1) is real
   ! L.102: real(eig_vec(2,2)) may be replaced by:
   !    --> eig_vec(2,2) if eig_vec(2,2) is real
   ! L.102: real(eig_vec(1,2)) may be replaced by:
   !    --> eig_vec(1,2) if eig_vec(1,2) is real
   Conversion of M-tree: Done
   Macro to tree conversion: Done
   Translation may be improved: see the //! comments and for all mtlb_<funname> 
 function call\n  Type help mtlb_<funname> in Scilab command window to get infor
 mation about improvements.
   Translation may be wrong (see the //!! comments).
   ****** End of mfile2sci() session ******
