   ****** Beginning of mfile2sci() session ******
   File to convert: C:/Documents and Settings/Foobert/Desktop/Geezer_Hydro/HARP/
 Source_Code/ThousandSep.m
   Result file path: C:/Documents and Settings/Foobert/Desktop/Geezer_Hydro/HARP
 /HARP2SWKS/SCI_migrate/m2s/
   Recursive mode: OFF
   Only double values used in M-file: YES
   Verbose mode: 3
   Generate formated code: NO
   M-file reading...
   M-file reading: Done
   Syntax modification...
   Syntax modification: Done
   Macro to tree conversion...
   Conversion of M-tree...
   !! L.5: Matlab function import not yet converted, original calling sequence u
 sed.
   ! L.6: mtlb(DecimalFormat) can be replaced by DecimalFormat() or DecimalForma
 t whether DecimalFormat is an M-file or not.
   Conversion of M-tree: Done
   Macro to tree conversion: Done
   Translation may be improved: see the //! comments and for all mtlb_<funname> 
 function call\n  Type help mtlb_<funname> in Scilab command window to get infor
 mation about improvements.
   Translation may be wrong (see the //!! comments).
   ****** End of mfile2sci() session ******
