   ****** Beginning of mfile2sci() session ******
   File to convert: C:/Documents and Settings/Foobert/Desktop/Geezer_Hydro/HARP/
 Source_Code/Main.m
   Result file path: C:/Documents and Settings/Foobert/Desktop/Geezer_Hydro/HARP
 /HARP2SWKS/SCI_migrate/m2s/
   Recursive mode: OFF
   Only double values used in M-file: YES
   Verbose mode: 3
   Generate formated code: NO
   M-file reading...
   M-file reading: Done
   Syntax modification...
   Syntax modification: Done
   Macro to tree conversion...
   Conversion of M-tree...
   !! L.22: Matlab function persistent not yet converted, original calling seque
 nce used.
   !! L.106: Unknown function Build_Input not converted, original calling sequen
 ce used.
   !! L.109: Matlab function evalc not yet converted, original calling sequence 
 used.
   !! L.116: Unknown function Read_WTP_Output not converted, original calling se
 quence used.
   !! L.149: Unknown function Build_Input not converted, original calling sequen
 ce used.
   !! L.151: Matlab function evalc not yet converted, original calling sequence 
 used.
   !! L.156: Unknown function Read_WTP_Output not converted, original calling se
 quence used.
   ! L.179: abs(ii) may be replaced by:
   !    --> ii if ii is Real.
   !! L.207: Unknown function Build_Input not converted, original calling sequen
 ce used.
   !! L.209: Matlab function evalc not yet converted, original calling sequence 
 used.
   !! L.215: Unknown function Read_WTP_Output not converted, original calling se
 quence used.
   !! L.217: Unknown function Read_WTP_Output not converted, original calling se
 quence used.
   ! L.235: abs(mtlb_logic(eff,">",0.593)) may be replaced by:
   !    --> mtlb_logic(eff,">",0.593) if mtlb_logic(eff,">",0.593) is Real.
   !! L.248: Unknown function Read_BED not converted, original calling sequence 
 used.
   ! L.261: mtlb(FailCount) can be replaced by FailCount() or FailCount whether 
 FailCount is an M-file or not.
   !! L.279: string output can be different from Matlab num2str output.
   !! L.282: Matlab function copyfile not yet converted, original calling sequen
 ce used.
   L.282: (Warning name conflict: function name changed from copyfile to %copyfi
 le).
   !! L.283: Matlab function copyfile not yet converted, original calling sequen
 ce used.
   L.283: (Warning name conflict: function name changed from copyfile to %copyfi
 le).
   !! L.285: No Scilab equivalent for: Matlab exist(), mtlb_exist() is called.
   !! L.285: mtlb_exist() is just a partial emulation of Matlab exist() function
 .
   !! L.287: Matlab function copyfile not yet converted, original calling sequen
 ce used.
   L.287: (Warning name conflict: function name changed from copyfile to %copyfi
 le).
   !! L.297: Unknown function Struct_Analysis not converted, original calling se
 quence used.
   !! L.361: Unknown function Build_Input not converted, original calling sequen
 ce used.
   !! L.363: Matlab function evalc not yet converted, original calling sequence 
 used.
   !! L.367: Unknown function Read_WTP_Output not converted, original calling se
 quence used.
   ! L.370: abs(mtlb_logic(PvsV(:,2),">",Prated)) may be replaced by:
   !    --> mtlb_logic(PvsV(:,2),">",Prated) if mtlb_logic(PvsV(:,2),">",Prated)
  is Real.
   !! L.410: Unknown function Build_Input not converted, original calling sequen
 ce used.
   L.414: No simple equivalent, so mtlb_fprintf() is called.
   !! L.417: Matlab function evalc not yet converted, original calling sequence 
 used.
   !! L.424: Unknown function Read_WTP_Output not converted, original calling se
 quence used.
   !! L.436: Unknown function Post_Process not converted, original calling seque
 nce used.
   Conversion of M-tree: Done
   Macro to tree conversion: Done
   Translation may be improved: see the //! comments and for all mtlb_<funname> 
 function call\n  Type help mtlb_<funname> in Scilab command window to get infor
 mation about improvements.
   Translation may be wrong (see the //!! comments).
   ****** End of mfile2sci() session ******
