   ****** Beginning of mfile2sci() session ******
   File to convert: C:/Documents and Settings/Foobert/Desktop/Geezer_Hydro/HARP/
 Source_Code/Fitness_Function.m
   Result file path: C:/Documents and Settings/Foobert/Desktop/Geezer_Hydro/HARP
 /HARP2SWKS/SCI_migrate/m2s/
   Recursive mode: OFF
   Only double values used in M-file: YES
   Verbose mode: 3
   Generate formated code: NO
   M-file reading...
   M-file reading: Done
   Syntax modification...
   Syntax modification: Done
   Macro to tree conversion...
   Conversion of M-tree...
   !! L.17: Unknown function SimpInt not converted, original calling sequence us
 ed.
   !! L.20: Unknown function SimpInt not converted, original calling sequence us
 ed.
   !! L.38: Unknown function SimpInt not converted, original calling sequence us
 ed.
   !! L.44: Unknown function get_AEP not converted, original calling sequence us
 ed.
   !! L.47: Unknown function SimpInt not converted, original calling sequence us
 ed.
   !! L.50: Unknown function SimpInt not converted, original calling sequence us
 ed.
   !! L.60: Unknown function get_AEP not converted, original calling sequence us
 ed.
   !! L.63: Unknown function SimpInt not converted, original calling sequence us
 ed.
   !! L.68: Unknown function SimpInt not converted, original calling sequence us
 ed.
   !! L.71: Unknown function SimpInt not converted, original calling sequence us
 ed.
   !! L.72: Unknown function SimpInt not converted, original calling sequence us
 ed.
   !! L.90: Unknown function get_AEP not converted, original calling sequence us
 ed.
   Conversion of M-tree: Done
   Macro to tree conversion: Done
   Translation may be wrong (see the //!! comments).
   ****** End of mfile2sci() session ******
